[INFO] Scanning for projects...
[INFO]
[INFO] ---------------------< zest:merge-k-sorted-lists >----------------------
[INFO] Building merge-k-sorted-lists 1.0-SNAPSHOT
[INFO]   from pom.xml
[INFO] --------------------------------[ jar ]---------------------------------
[INFO]
[INFO] --- jacoco:0.8.7:prepare-agent (default) @ merge-k-sorted-lists ---
[INFO] argLine set to "-javaagent:/Users/tjoos/.m2/repository/org/jacoco/org.jacoco.agent/0.8.7/org.jacoco.agent-0.8.7-runtime.jar=destfile=/Users/tjoos/Documents/UZH/FS24/Efficient Software Testing/Projects/EfficientSoftwareTesting/assignment02/MergeKSortedLists/target/jacoco.exec"
[INFO]
[INFO] --- resources:3.3.1:resources (default-resources) @ merge-k-sorted-lists ---
[INFO] skip non existing resourceDirectory /Users/tjoos/Documents/UZH/FS24/Efficient Software Testing/Projects/EfficientSoftwareTesting/assignment02/MergeKSortedLists/src/main/resources
[INFO]
[INFO] --- compiler:3.11.0:compile (default-compile) @ merge-k-sorted-lists ---
[INFO] Changes detected - recompiling the module! :source
[INFO] Compiling 1 source file with javac [debug target 11] to target/classes
[WARNING] Systemmodulpfad nicht zusammen mit -source 11 festgelegt
[INFO]
[INFO] --- resources:3.3.1:testResources (default-testResources) @ merge-k-sorted-lists ---
[INFO] skip non existing resourceDirectory /Users/tjoos/Documents/UZH/FS24/Efficient Software Testing/Projects/EfficientSoftwareTesting/assignment02/MergeKSortedLists/src/test/resources
[INFO]
[INFO] --- compiler:3.11.0:testCompile (default-testCompile) @ merge-k-sorted-lists ---
[INFO] Changes detected - recompiling the module! :dependency
[INFO] Compiling 1 source file with javac [debug target 11] to target/test-classes
[WARNING] Systemmodulpfad nicht zusammen mit -source 11 festgelegt
[INFO]
[INFO] --- surefire:3.2.2:test (default-test) @ merge-k-sorted-lists ---
[INFO] Using auto detected provider org.apache.maven.surefire.junitplatform.JUnitPlatformProvider
[INFO]
[INFO] -------------------------------------------------------
[INFO]  T E S T S
[INFO] -------------------------------------------------------
[INFO] Running zest.MergeKSortedListsTest
[INFO] Running zest.MergeKSortedListsTest$ContactTests
[INFO] Tests run: 4, Failures: 0, Errors: 0, Skipped: 0, Time elapsed: 0.019 s -- in zest.MergeKSortedListsTest$ContactTests
[INFO] Running zest.MergeKSortedListsTest$CodeCoverageTests
[INFO] Tests run: 8, Failures: 0, Errors: 0, Skipped: 0, Time elapsed: 0.007 s -- in zest.MergeKSortedListsTest$CodeCoverageTests
[INFO] Tests run: 0, Failures: 0, Errors: 0, Skipped: 0, Time elapsed: 0.033 s -- in zest.MergeKSortedListsTest
[INFO] Running zest.MergeKSortedListsTest
timestamp = 2024-04-21T13:18:57.089678, MergeKSortedListsTest:testMergeKSortedLists =
                              |-----------------------jqwik-----------------------
tries = 1000                  | # of calls to property
checks = 1000                 | # of not rejected calls
generation = RANDOMIZED       | parameters are randomly generated
after-failure = SAMPLE_FIRST  | try previously failed sample, then previous seed
when-fixed-seed = ALLOW       | fixing the random seed is allowed
edge-cases#mode = MIXIN       | edge cases are mixed in
edge-cases#total = 9          | # of all combined edge cases
edge-cases#tried = 9          | # of edge cases tried in current run
seed = -562712035183576604    | random seed to reproduce generated values


[INFO] Tests run: 1, Failures: 0, Errors: 0, Skipped: 0, Time elapsed: 0.138 s -- in zest.MergeKSortedListsTest
[INFO]
[INFO] Results:
[INFO]
[INFO] Tests run: 13, Failures: 0, Errors: 0, Skipped: 0
[INFO]
[INFO]
[INFO] --- jacoco:0.8.7:report (report) @ merge-k-sorted-lists ---
[INFO] Loading execution data file /Users/tjoos/Documents/UZH/FS24/Efficient Software Testing/Projects/EfficientSoftwareTesting/assignment02/MergeKSortedLists/target/jacoco.exec
[INFO] Analyzed bundle 'merge-k-sorted-lists' with 2 classes
[INFO]
[INFO] --- jar:3.3.0:jar (default-jar) @ merge-k-sorted-lists ---
[INFO] Building jar: /Users/tjoos/Documents/UZH/FS24/Efficient Software Testing/Projects/EfficientSoftwareTesting/assignment02/MergeKSortedLists/target/merge-k-sorted-lists-1.0-SNAPSHOT.jar
[INFO] ------------------------------------------------------------------------
[INFO] BUILD SUCCESS
[INFO] ------------------------------------------------------------------------
[INFO] Total time:  1.590 s
[INFO] Finished at: 2024-04-21T13:18:57+02:00
[INFO] ------------------------------------------------------------------------

Process finished with exit code 0
